# Logfile created on 2014-07-01 20:00:30 +0400 by logger.rb/44203
I, [2014-07-01T20:00:30.159220 #11356]  INFO -- : 4:  json (1.8.1) from /Users/oktav/.rvm/rubies/ruby-2.1.0/lib/ruby/gems/2.1.0/specifications/default/json-1.8.1.gemspec
I, [2014-07-01T20:00:30.159504 #11354]  INFO -- : 2:  i18n (0.6.9) from /Users/oktav/.rvm/gems/ruby-2.1.0@global/specifications/i18n-0.6.9.gemspec
I, [2014-07-01T20:00:31.205101 #11354]  INFO -- : 2:  execjs (2.2.1) from /Users/oktav/.rvm/gems/ruby-2.1.0@headmade/specifications/execjs-2.2.1.gemspec
I, [2014-07-01T20:00:31.365417 #11356]  INFO -- : 4:  coffee-script-source (1.7.0) from /Users/oktav/.rvm/gems/ruby-2.1.0@headmade/specifications/coffee-script-source-1.7.0.gemspec
I, [2014-07-01T20:00:31.393853 #11352]  INFO -- : 0:  minitest (5.3.5) from /Users/oktav/.rvm/gems/ruby-2.1.0@headmade/specifications/minitest-5.3.5.gemspec
I, [2014-07-01T20:00:31.394812 #11352]  INFO -- : 0:  erubis (2.7.0) from /Users/oktav/.rvm/gems/ruby-2.1.0@global/specifications/erubis-2.7.0.gemspec
I, [2014-07-01T20:00:31.531219 #11353]  INFO -- : 1:  thread_safe (0.3.4) from /Users/oktav/.rvm/gems/ruby-2.1.0@headmade/specifications/thread_safe-0.3.4.gemspec
I, [2014-07-01T20:00:31.532606 #11353]  INFO -- : 1:  tilt (1.4.1) from /Users/oktav/.rvm/gems/ruby-2.1.0@global/specifications/tilt-1.4.1.gemspec
I, [2014-07-01T20:00:31.533628 #11353]  INFO -- : 1:  hike (1.2.3) from /Users/oktav/.rvm/gems/ruby-2.1.0@global/specifications/hike-1.2.3.gemspec
I, [2014-07-01T20:00:31.913028 #11354]  INFO -- : 2:  fssm (0.2.10) from /Users/oktav/.rvm/gems/ruby-2.1.0@headmade/specifications/fssm-0.2.10.gemspec
I, [2014-07-01T20:00:31.993529 #11355]  INFO -- : 3:  chunky_png (1.3.1) from /Users/oktav/.rvm/gems/ruby-2.1.0@headmade/specifications/chunky_png-1.3.1.gemspec
I, [2014-07-01T20:00:32.189654 #11353]  INFO -- : 1:  uber (0.0.6) from /Users/oktav/.rvm/gems/ruby-2.1.0@headmade/specifications/uber-0.0.6.gemspec
I, [2014-07-01T20:00:32.190385 #11353]  INFO -- : 1:  bundler (1.5.1) from /Users/oktav/.rvm/gems/ruby-2.1.0@global/specifications/bundler-1.5.1.gemspec
I, [2014-07-01T20:00:32.191080 #11353]  INFO -- : 1:  rack (1.5.2) from /Users/oktav/.rvm/gems/ruby-2.1.0@global/specifications/rack-1.5.2.gemspec
I, [2014-07-01T20:00:32.191807 #11353]  INFO -- : 1:  thor (0.19.1) from /Users/oktav/.rvm/gems/ruby-2.1.0@global/specifications/thor-0.19.1.gemspec
I, [2014-07-01T20:00:32.764476 #11356]  INFO -- : 4:  sass (3.2.19) from /Users/oktav/.rvm/gems/ruby-2.1.0@headmade/specifications/sass-3.2.19.gemspec
I, [2014-07-01T20:00:33.011152 #11353]  INFO -- : 1:  multi_json (1.10.1) from /Users/oktav/.rvm/gems/ruby-2.1.0@headmade/specifications/multi_json-1.10.1.gemspec
I, [2014-07-01T20:00:33.183816 #11355]  INFO -- : 3:  rb-fsevent (0.9.4) from /Users/oktav/.rvm/gems/ruby-2.1.0@headmade/specifications/rb-fsevent-0.9.4.gemspec
I, [2014-07-01T20:00:33.458137 #11354]  INFO -- : 2:  kramdown (1.4.0) from /Users/oktav/.rvm/gems/ruby-2.1.0@headmade/specifications/kramdown-1.4.0.gemspec
I, [2014-07-01T20:00:33.751415 #11353]  INFO -- : 1:  ptools (1.2.4) from /Users/oktav/.rvm/gems/ruby-2.1.0@headmade/specifications/ptools-1.2.4.gemspec
I, [2014-07-01T20:00:33.999913 #11356]  INFO -- : 4:  net-ssh (2.9.1) from /Users/oktav/.rvm/gems/ruby-2.1.0@headmade/specifications/net-ssh-2.9.1.gemspec
I, [2014-07-01T20:00:34.073735 #11354]  INFO -- : 2:  coffee-script (2.2.0) from /Users/oktav/.rvm/gems/ruby-2.1.0@headmade/specifications/coffee-script-2.2.0.gemspec
I, [2014-07-01T20:00:34.165738 #11355]  INFO -- : 3:  uglifier (2.5.1) from /Users/oktav/.rvm/gems/ruby-2.1.0@headmade/specifications/uglifier-2.5.1.gemspec
I, [2014-07-01T20:00:34.166546 #11355]  INFO -- : 3:  rack-test (0.6.2) from /Users/oktav/.rvm/gems/ruby-2.1.0@global/specifications/rack-test-0.6.2.gemspec
I, [2014-07-01T20:00:34.698292 #11354]  INFO -- : 2:  hooks (0.4.0) from /Users/oktav/.rvm/gems/ruby-2.1.0@headmade/specifications/hooks-0.4.0.gemspec
I, [2014-07-01T20:00:34.836898 #11353]  INFO -- : 1:  tzinfo (1.2.1) from /Users/oktav/.rvm/gems/ruby-2.1.0@headmade/specifications/tzinfo-1.2.1.gemspec
I, [2014-07-01T20:00:34.838533 #11353]  INFO -- : 1:  sprockets (2.12.1) from /Users/oktav/.rvm/gems/ruby-2.1.0@global/specifications/sprockets-2.12.1.gemspec
I, [2014-07-01T20:00:35.074667 #11356]  INFO -- : 4:  haml (4.0.5) from /Users/oktav/.rvm/gems/ruby-2.1.0@headmade/specifications/haml-4.0.5.gemspec
I, [2014-07-01T20:00:35.346445 #11354]  INFO -- : 2:  compass-import-once (1.0.4) from /Users/oktav/.rvm/gems/ruby-2.1.0@headmade/specifications/compass-import-once-1.0.4.gemspec
I, [2014-07-01T20:00:35.731600 #11353]  INFO -- : 1:  net-sftp (2.1.2) from /Users/oktav/.rvm/gems/ruby-2.1.0@headmade/specifications/net-sftp-2.1.2.gemspec
I, [2014-07-01T20:00:36.062591 #11354]  INFO -- : 2:  sprockets-helpers (1.1.0) from /Users/oktav/.rvm/gems/ruby-2.1.0@headmade/specifications/sprockets-helpers-1.1.0.gemspec
I, [2014-07-01T20:00:36.444388 #11356]  INFO -- : 4:  activesupport (4.1.2) from /Users/oktav/.rvm/gems/ruby-2.1.0@headmade/specifications/activesupport-4.1.2.gemspec
I, [2014-07-01T20:00:36.462612 #11353]  INFO -- : 1:  sprockets-sass (1.1.0) from /Users/oktav/.rvm/gems/ruby-2.1.0@headmade/specifications/sprockets-sass-1.1.0.gemspec
I, [2014-07-01T20:00:36.905479 #11355]  INFO -- : 3:  compass (0.12.6) from /Users/oktav/.rvm/gems/ruby-2.1.0@headmade/specifications/compass-0.12.6.gemspec
I, [2014-07-01T20:00:37.356924 #11354]  INFO -- : 2:  padrino-support (0.12.2) from /Users/oktav/.rvm/gems/ruby-2.1.0@headmade/specifications/padrino-support-0.12.2.gemspec
I, [2014-07-01T20:00:37.658650 #11352]  INFO -- : 0:  ffi (1.9.3) from /Users/oktav/.rvm/gems/ruby-2.1.0@headmade/specifications/ffi-1.9.3.gemspec
I, [2014-07-01T20:00:38.374892 #11353]  INFO -- : 1:  rb-inotify (0.9.5) from /Users/oktav/.rvm/gems/ruby-2.1.0@headmade/specifications/rb-inotify-0.9.5.gemspec
I, [2014-07-01T20:00:38.380560 #11355]  INFO -- : 3:  rb-kqueue (0.2.3) from /Users/oktav/.rvm/gems/ruby-2.1.0@headmade/specifications/rb-kqueue-0.2.3.gemspec
I, [2014-07-01T20:00:38.389461 #11356]  INFO -- : 4:  padrino-helpers (0.12.2) from /Users/oktav/.rvm/gems/ruby-2.1.0@headmade/specifications/padrino-helpers-0.12.2.gemspec
I, [2014-07-01T20:00:39.120667 #11354]  INFO -- : 2:  listen (1.3.1) from /Users/oktav/.rvm/gems/ruby-2.1.0@headmade/specifications/listen-1.3.1.gemspec
I, [2014-07-01T20:00:41.505722 #11352]  INFO -- : 0:  middleman-core (3.3.3) from /Users/oktav/.rvm/gems/ruby-2.1.0@headmade/specifications/middleman-core-3.3.3.gemspec
I, [2014-07-01T20:00:42.193536 #11353]  INFO -- : 1:  middleman-deploy (0.2.4) from /Users/oktav/.rvm/gems/ruby-2.1.0@headmade/specifications/middleman-deploy-0.2.4.gemspec
I, [2014-07-01T20:00:42.463553 #11355]  INFO -- : 3:  middleman-sprockets (3.3.3) from /Users/oktav/.rvm/gems/ruby-2.1.0@headmade/specifications/middleman-sprockets-3.3.3.gemspec
I, [2014-07-01T20:00:43.296804 #11356]  INFO -- : 4:  middleman (3.3.3) from /Users/oktav/.rvm/gems/ruby-2.1.0@headmade/specifications/middleman-3.3.3.gemspec
I, [2014-08-30T17:49:24.657019 #52240]  INFO -- : 4:  json (1.8.1) from /Users/oktav/.rvm/rubies/ruby-2.1.0/lib/ruby/gems/2.1.0/specifications/default/json-1.8.1.gemspec
I, [2014-08-30T17:49:24.657471 #52239]  INFO -- : 3:  thread_safe (0.3.4) from /Users/oktav/.rvm/gems/ruby-2.1.0@headmade/specifications/thread_safe-0.3.4.gemspec
I, [2014-08-30T17:49:24.657546 #52236]  INFO -- : 0:  minitest (5.3.5) from /Users/oktav/.rvm/gems/ruby-2.1.0@headmade/specifications/minitest-5.3.5.gemspec
I, [2014-08-30T17:49:24.659142 #52239]  INFO -- : 3:  execjs (2.2.1) from /Users/oktav/.rvm/gems/ruby-2.1.0@headmade/specifications/execjs-2.2.1.gemspec
I, [2014-08-30T17:49:24.659353 #52236]  INFO -- : 0:  coffee-script-source (1.7.0) from /Users/oktav/.rvm/gems/ruby-2.1.0@headmade/specifications/coffee-script-source-1.7.0.gemspec
I, [2014-08-30T17:49:24.659867 #52238]  INFO -- : 2:  i18n (0.6.9) from /Users/oktav/.rvm/gems/ruby-2.1.0@global/specifications/i18n-0.6.9.gemspec
I, [2014-08-30T17:49:24.660271 #52236]  INFO -- : 0:  sass (3.2.19) from /Users/oktav/.rvm/gems/ruby-2.1.0@headmade/specifications/sass-3.2.19.gemspec
I, [2014-08-30T17:49:24.660508 #52239]  INFO -- : 3:  fssm (0.2.10) from /Users/oktav/.rvm/gems/ruby-2.1.0@headmade/specifications/fssm-0.2.10.gemspec
I, [2014-08-30T17:49:24.661123 #52236]  INFO -- : 0:  erubis (2.7.0) from /Users/oktav/.rvm/gems/ruby-2.1.0@global/specifications/erubis-2.7.0.gemspec
I, [2014-08-30T17:49:24.661238 #52238]  INFO -- : 2:  ffi (1.9.3) from /Users/oktav/.rvm/gems/ruby-2.1.0@headmade/specifications/ffi-1.9.3.gemspec
I, [2014-08-30T17:49:24.661716 #52239]  INFO -- : 3:  tilt (1.4.1) from /Users/oktav/.rvm/gems/ruby-2.1.0@global/specifications/tilt-1.4.1.gemspec
I, [2014-08-30T17:49:24.662205 #52236]  INFO -- : 0:  hike (1.2.3) from /Users/oktav/.rvm/gems/ruby-2.1.0@global/specifications/hike-1.2.3.gemspec
I, [2014-08-30T17:49:24.662453 #52238]  INFO -- : 2:  uber (0.0.6) from /Users/oktav/.rvm/gems/ruby-2.1.0@headmade/specifications/uber-0.0.6.gemspec
I, [2014-08-30T17:49:24.662505 #52239]  INFO -- : 3:  kramdown (1.4.0) from /Users/oktav/.rvm/gems/ruby-2.1.0@headmade/specifications/kramdown-1.4.0.gemspec
I, [2014-08-30T17:49:24.663381 #52238]  INFO -- : 2:  rb-fsevent (0.9.4) from /Users/oktav/.rvm/gems/ruby-2.1.0@headmade/specifications/rb-fsevent-0.9.4.gemspec
I, [2014-08-30T17:49:24.663810 #52236]  INFO -- : 0:  rack (1.5.2) from /Users/oktav/.rvm/gems/ruby-2.1.0@global/specifications/rack-1.5.2.gemspec
I, [2014-08-30T17:49:24.663779 #52239]  INFO -- : 3:  bundler (1.5.1) from /Users/oktav/.rvm/gems/ruby-2.1.0@global/specifications/bundler-1.5.1.gemspec
I, [2014-08-30T17:49:24.664210 #52238]  INFO -- : 2:  thor (0.19.1) from /Users/oktav/.rvm/gems/ruby-2.1.0@global/specifications/thor-0.19.1.gemspec
I, [2014-08-30T17:49:24.665174 #52238]  INFO -- : 2:  net-ssh (2.9.1) from /Users/oktav/.rvm/gems/ruby-2.1.0@headmade/specifications/net-ssh-2.9.1.gemspec
I, [2014-08-30T17:49:24.665421 #52236]  INFO -- : 0:  ptools (1.2.4) from /Users/oktav/.rvm/gems/ruby-2.1.0@headmade/specifications/ptools-1.2.4.gemspec
I, [2014-08-30T17:49:24.665898 #52240]  INFO -- : 4:  multi_json (1.10.1) from /Users/oktav/.rvm/gems/ruby-2.1.0@headmade/specifications/multi_json-1.10.1.gemspec
I, [2014-08-30T17:49:24.667967 #52237]  INFO -- : 1:  chunky_png (1.3.1) from /Users/oktav/.rvm/gems/ruby-2.1.0@headmade/specifications/chunky_png-1.3.1.gemspec
I, [2014-08-30T17:49:24.668294 #52236]  INFO -- : 0:  coffee-script (2.2.0) from /Users/oktav/.rvm/gems/ruby-2.1.0@headmade/specifications/coffee-script-2.2.0.gemspec
I, [2014-08-30T17:49:24.668540 #52239]  INFO -- : 3:  compass-import-once (1.0.4) from /Users/oktav/.rvm/gems/ruby-2.1.0@headmade/specifications/compass-import-once-1.0.4.gemspec
I, [2014-08-30T17:49:24.668871 #52238]  INFO -- : 2:  rb-inotify (0.9.5) from /Users/oktav/.rvm/gems/ruby-2.1.0@headmade/specifications/rb-inotify-0.9.5.gemspec
I, [2014-08-30T17:49:24.669397 #52236]  INFO -- : 0:  haml (4.0.5) from /Users/oktav/.rvm/gems/ruby-2.1.0@headmade/specifications/haml-4.0.5.gemspec
I, [2014-08-30T17:49:24.669659 #52239]  INFO -- : 3:  hooks (0.4.0) from /Users/oktav/.rvm/gems/ruby-2.1.0@headmade/specifications/hooks-0.4.0.gemspec
I, [2014-08-30T17:49:24.669586 #52240]  INFO -- : 4:  tzinfo (1.2.1) from /Users/oktav/.rvm/gems/ruby-2.1.0@headmade/specifications/tzinfo-1.2.1.gemspec
I, [2014-08-30T17:49:24.669939 #52238]  INFO -- : 2:  uglifier (2.5.1) from /Users/oktav/.rvm/gems/ruby-2.1.0@headmade/specifications/uglifier-2.5.1.gemspec
I, [2014-08-30T17:49:24.670528 #52236]  INFO -- : 0:  rack-test (0.6.2) from /Users/oktav/.rvm/gems/ruby-2.1.0@global/specifications/rack-test-0.6.2.gemspec
I, [2014-08-30T17:49:24.670892 #52239]  INFO -- : 3:  sprockets (2.12.1) from /Users/oktav/.rvm/gems/ruby-2.1.0@global/specifications/sprockets-2.12.1.gemspec
I, [2014-08-30T17:49:24.671138 #52240]  INFO -- : 4:  net-sftp (2.1.2) from /Users/oktav/.rvm/gems/ruby-2.1.0@headmade/specifications/net-sftp-2.1.2.gemspec
I, [2014-08-30T17:49:24.671328 #52237]  INFO -- : 1:  rb-kqueue (0.2.3) from /Users/oktav/.rvm/gems/ruby-2.1.0@headmade/specifications/rb-kqueue-0.2.3.gemspec
I, [2014-08-30T17:49:24.672251 #52238]  INFO -- : 2:  compass (0.12.6) from /Users/oktav/.rvm/gems/ruby-2.1.0@headmade/specifications/compass-0.12.6.gemspec
I, [2014-08-30T17:49:24.672301 #52240]  INFO -- : 4:  activesupport (4.1.2) from /Users/oktav/.rvm/gems/ruby-2.1.0@headmade/specifications/activesupport-4.1.2.gemspec
I, [2014-08-30T17:49:24.672782 #52236]  INFO -- : 0:  listen (1.3.1) from /Users/oktav/.rvm/gems/ruby-2.1.0@headmade/specifications/listen-1.3.1.gemspec
I, [2014-08-30T17:49:24.672784 #52239]  INFO -- : 3:  sprockets-helpers (1.1.0) from /Users/oktav/.rvm/gems/ruby-2.1.0@headmade/specifications/sprockets-helpers-1.1.0.gemspec
I, [2014-08-30T17:49:24.673694 #52237]  INFO -- : 1:  sprockets-sass (1.1.0) from /Users/oktav/.rvm/gems/ruby-2.1.0@headmade/specifications/sprockets-sass-1.1.0.gemspec
I, [2014-08-30T17:49:24.674003 #52238]  INFO -- : 2:  padrino-support (0.12.2) from /Users/oktav/.rvm/gems/ruby-2.1.0@headmade/specifications/padrino-support-0.12.2.gemspec
I, [2014-08-30T17:49:24.674873 #52240]  INFO -- : 4:  padrino-helpers (0.12.2) from /Users/oktav/.rvm/gems/ruby-2.1.0@headmade/specifications/padrino-helpers-0.12.2.gemspec
I, [2014-08-30T17:49:24.676052 #52239]  INFO -- : 3:  middleman-core (3.3.3) from /Users/oktav/.rvm/gems/ruby-2.1.0@headmade/specifications/middleman-core-3.3.3.gemspec
I, [2014-08-30T17:49:24.677032 #52237]  INFO -- : 1:  middleman-sprockets (3.3.3) from /Users/oktav/.rvm/gems/ruby-2.1.0@headmade/specifications/middleman-sprockets-3.3.3.gemspec
I, [2014-08-30T17:49:24.677063 #52236]  INFO -- : 0:  middleman-deploy (0.2.4) from /Users/oktav/.rvm/gems/ruby-2.1.0@headmade/specifications/middleman-deploy-0.2.4.gemspec
I, [2014-08-30T17:49:24.678094 #52238]  INFO -- : 2:  middleman (3.3.3) from /Users/oktav/.rvm/gems/ruby-2.1.0@headmade/specifications/middleman-3.3.3.gemspec
I, [2014-08-30T17:53:33.585675 #52874]  INFO -- : 2:  i18n (0.6.9) from /Users/oktav/.rvm/gems/ruby-2.1.0@global/specifications/i18n-0.6.9.gemspec
I, [2014-08-30T17:53:33.588413 #52873]  INFO -- : 1:  thread_safe (0.3.4) from /Users/oktav/.rvm/gems/ruby-2.1.0@headmade/specifications/thread_safe-0.3.4.gemspec
I, [2014-08-30T17:53:33.589327 #52874]  INFO -- : 2:  chunky_png (1.3.1) from /Users/oktav/.rvm/gems/ruby-2.1.0@headmade/specifications/chunky_png-1.3.1.gemspec
I, [2014-08-30T17:53:33.590495 #52873]  INFO -- : 1:  coffee-script-source (1.7.0) from /Users/oktav/.rvm/gems/ruby-2.1.0@headmade/specifications/coffee-script-source-1.7.0.gemspec
I, [2014-08-30T17:53:33.590605 #52874]  INFO -- : 2:  execjs (2.2.1) from /Users/oktav/.rvm/gems/ruby-2.1.0@headmade/specifications/execjs-2.2.1.gemspec
I, [2014-08-30T17:53:33.591722 #52874]  INFO -- : 2:  fssm (0.2.10) from /Users/oktav/.rvm/gems/ruby-2.1.0@headmade/specifications/fssm-0.2.10.gemspec
I, [2014-08-30T17:53:33.592886 #52873]  INFO -- : 1:  sass (3.2.19) from /Users/oktav/.rvm/gems/ruby-2.1.0@headmade/specifications/sass-3.2.19.gemspec
I, [2014-08-30T17:53:33.593846 #52876]  INFO -- : 4:  json (1.8.1) from /Users/oktav/.rvm/rubies/ruby-2.1.0/lib/ruby/gems/2.1.0/specifications/default/json-1.8.1.gemspec
I, [2014-08-30T17:53:33.594095 #52873]  INFO -- : 1:  ffi (1.9.3) from /Users/oktav/.rvm/gems/ruby-2.1.0@headmade/specifications/ffi-1.9.3.gemspec
I, [2014-08-30T17:53:33.594504 #52872]  INFO -- : 0:  minitest (5.3.5) from /Users/oktav/.rvm/gems/ruby-2.1.0@headmade/specifications/minitest-5.3.5.gemspec
I, [2014-08-30T17:53:33.595745 #52874]  INFO -- : 2:  erubis (2.7.0) from /Users/oktav/.rvm/gems/ruby-2.1.0@global/specifications/erubis-2.7.0.gemspec
I, [2014-08-30T17:53:33.596052 #52873]  INFO -- : 1:  tilt (1.4.1) from /Users/oktav/.rvm/gems/ruby-2.1.0@global/specifications/tilt-1.4.1.gemspec
I, [2014-08-30T17:53:33.595972 #52876]  INFO -- : 4:  hike (1.2.3) from /Users/oktav/.rvm/gems/ruby-2.1.0@global/specifications/hike-1.2.3.gemspec
I, [2014-08-30T17:53:33.597097 #52872]  INFO -- : 0:  uber (0.0.6) from /Users/oktav/.rvm/gems/ruby-2.1.0@headmade/specifications/uber-0.0.6.gemspec
I, [2014-08-30T17:53:33.596950 #52874]  INFO -- : 2:  kramdown (1.4.0) from /Users/oktav/.rvm/gems/ruby-2.1.0@headmade/specifications/kramdown-1.4.0.gemspec
I, [2014-08-30T17:53:33.597315 #52873]  INFO -- : 1:  rb-fsevent (0.9.4) from /Users/oktav/.rvm/gems/ruby-2.1.0@headmade/specifications/rb-fsevent-0.9.4.gemspec
I, [2014-08-30T17:53:33.597239 #52875]  INFO -- : 3:  bundler (1.5.1) from /Users/oktav/.rvm/gems/ruby-2.1.0@global/specifications/bundler-1.5.1.gemspec
I, [2014-08-30T17:53:33.597739 #52876]  INFO -- : 4:  rack (1.5.2) from /Users/oktav/.rvm/gems/ruby-2.1.0@global/specifications/rack-1.5.2.gemspec
I, [2014-08-30T17:53:33.598363 #52872]  INFO -- : 0:  thor (0.19.1) from /Users/oktav/.rvm/gems/ruby-2.1.0@global/specifications/thor-0.19.1.gemspec
I, [2014-08-30T17:53:33.598817 #52876]  INFO -- : 4:  ptools (1.2.4) from /Users/oktav/.rvm/gems/ruby-2.1.0@headmade/specifications/ptools-1.2.4.gemspec
I, [2014-08-30T17:53:33.598874 #52874]  INFO -- : 2:  multi_json (1.10.1) from /Users/oktav/.rvm/gems/ruby-2.1.0@headmade/specifications/multi_json-1.10.1.gemspec
I, [2014-08-30T17:53:33.599000 #52873]  INFO -- : 1:  net-ssh (2.9.1) from /Users/oktav/.rvm/gems/ruby-2.1.0@headmade/specifications/net-ssh-2.9.1.gemspec
I, [2014-08-30T17:53:33.602029 #52872]  INFO -- : 0:  tzinfo (1.2.1) from /Users/oktav/.rvm/gems/ruby-2.1.0@headmade/specifications/tzinfo-1.2.1.gemspec
I, [2014-08-30T17:53:33.602093 #52876]  INFO -- : 4:  compass (0.12.6) from /Users/oktav/.rvm/gems/ruby-2.1.0@headmade/specifications/compass-0.12.6.gemspec
I, [2014-08-30T17:53:33.602669 #52873]  INFO -- : 1:  coffee-script (2.2.0) from /Users/oktav/.rvm/gems/ruby-2.1.0@headmade/specifications/coffee-script-2.2.0.gemspec
I, [2014-08-30T17:53:33.603218 #52874]  INFO -- : 2:  compass-import-once (1.0.4) from /Users/oktav/.rvm/gems/ruby-2.1.0@headmade/specifications/compass-import-once-1.0.4.gemspec
I, [2014-08-30T17:53:33.603394 #52876]  INFO -- : 4:  rb-inotify (0.9.5) from /Users/oktav/.rvm/gems/ruby-2.1.0@headmade/specifications/rb-inotify-0.9.5.gemspec
I, [2014-08-30T17:53:33.603937 #52873]  INFO -- : 1:  uglifier (2.5.1) from /Users/oktav/.rvm/gems/ruby-2.1.0@headmade/specifications/uglifier-2.5.1.gemspec
I, [2014-08-30T17:53:33.604159 #52874]  INFO -- : 2:  haml (4.0.5) from /Users/oktav/.rvm/gems/ruby-2.1.0@headmade/specifications/haml-4.0.5.gemspec
I, [2014-08-30T17:53:33.604253 #52872]  INFO -- : 0:  rb-kqueue (0.2.3) from /Users/oktav/.rvm/gems/ruby-2.1.0@headmade/specifications/rb-kqueue-0.2.3.gemspec
I, [2014-08-30T17:53:33.604325 #52876]  INFO -- : 4:  hooks (0.4.0) from /Users/oktav/.rvm/gems/ruby-2.1.0@headmade/specifications/hooks-0.4.0.gemspec
I, [2014-08-30T17:53:33.605129 #52874]  INFO -- : 2:  rack-test (0.6.2) from /Users/oktav/.rvm/gems/ruby-2.1.0@global/specifications/rack-test-0.6.2.gemspec
I, [2014-08-30T17:53:33.605336 #52876]  INFO -- : 4:  sprockets (2.12.1) from /Users/oktav/.rvm/gems/ruby-2.1.0@global/specifications/sprockets-2.12.1.gemspec
I, [2014-08-30T17:53:33.605498 #52872]  INFO -- : 0:  net-sftp (2.1.2) from /Users/oktav/.rvm/gems/ruby-2.1.0@headmade/specifications/net-sftp-2.1.2.gemspec
I, [2014-08-30T17:53:33.606406 #52876]  INFO -- : 4:  listen (1.3.1) from /Users/oktav/.rvm/gems/ruby-2.1.0@headmade/specifications/listen-1.3.1.gemspec
I, [2014-08-30T17:53:33.606406 #52874]  INFO -- : 2:  activesupport (4.1.2) from /Users/oktav/.rvm/gems/ruby-2.1.0@headmade/specifications/activesupport-4.1.2.gemspec
I, [2014-08-30T17:53:33.606674 #52872]  INFO -- : 0:  sprockets-helpers (1.1.0) from /Users/oktav/.rvm/gems/ruby-2.1.0@headmade/specifications/sprockets-helpers-1.1.0.gemspec
I, [2014-08-30T17:53:33.607079 #52873]  INFO -- : 1:  sprockets-sass (1.1.0) from /Users/oktav/.rvm/gems/ruby-2.1.0@headmade/specifications/sprockets-sass-1.1.0.gemspec
I, [2014-08-30T17:53:33.607678 #52874]  INFO -- : 2:  padrino-support (0.12.2) from /Users/oktav/.rvm/gems/ruby-2.1.0@headmade/specifications/padrino-support-0.12.2.gemspec
I, [2014-08-30T17:53:33.608405 #52876]  INFO -- : 4:  padrino-helpers (0.12.2) from /Users/oktav/.rvm/gems/ruby-2.1.0@headmade/specifications/padrino-helpers-0.12.2.gemspec
I, [2014-08-30T17:53:33.609125 #52872]  INFO -- : 0:  middleman-core (3.3.3) from /Users/oktav/.rvm/gems/ruby-2.1.0@headmade/specifications/middleman-core-3.3.3.gemspec
I, [2014-08-30T17:53:33.609998 #52874]  INFO -- : 2:  middleman-sprockets (3.3.3) from /Users/oktav/.rvm/gems/ruby-2.1.0@headmade/specifications/middleman-sprockets-3.3.3.gemspec
I, [2014-08-30T17:53:33.610023 #52873]  INFO -- : 1:  middleman-deploy (0.2.4) from /Users/oktav/.rvm/gems/ruby-2.1.0@headmade/specifications/middleman-deploy-0.2.4.gemspec
I, [2014-08-30T17:53:33.610889 #52876]  INFO -- : 4:  middleman (3.3.3) from /Users/oktav/.rvm/gems/ruby-2.1.0@headmade/specifications/middleman-3.3.3.gemspec
I, [2014-08-30T17:53:35.281921 #52875]  INFO -- : 3:  raphael-rails (2.1.2) from /Users/oktav/.rvm/gems/ruby-2.1.0@headmade/specifications/raphael-rails-2.1.2.gemspec
